Build started 09/10/2015 16:57:21.
     1>Project "C:\Users\Paul Fayoux\Documents\doc\Cours\DI4\Projet Recherche de Stable\ProjetCpp-Graphes\ProjetCpp-Graphes.vcxproj" on node 2 (Build target(s)).
     1>C:\Program Files (x86)\MSBuild\Microsoft.Cpp\v4.0\V120\Microsoft.CppBuild.targets(388,5): warning MSB8028: The intermediate directory (Debug\) contains files shared from another project (ProjetCpp-Graphes.vcxproj).  This can lead to incorrect clean and rebuild behavior.
     1>InitializeBuildStatus:
         Touching "Debug\Projet-G.3A28783C.tlog\unsuccessfulbuild".
       ClCompile:
         All outputs are up-to-date.
       Link:
         C:\Program Files (x86)\Microsoft Visual Studio 12.0\VC\bin\link.exe /ERRORREPORT:PROMPT /OUT:"C:\Users\Paul Fayoux\Documents\doc\Cours\DI4\Projet Recherche de Stable\Debug\Projet-Graphes_Stable.exe" /INCREMENTAL /NOLOGO kernel32.lib user32.lib gdi32.lib winspool.lib comdlg32.lib advapi32.lib shell32.lib ole32.lib oleaut32.lib uuid.lib odbc32.lib odbccp32.lib /MANIFEST /MANIFESTUAC:"level='asInvoker' uiAccess='false'" /manifest:embed /DEBUG /PDB:"C:\Users\Paul Fayoux\Documents\doc\Cours\DI4\Projet Recherche de Stable\Debug\Projet-Graphes_Stable.pdb" /SUBSYSTEM:CONSOLE /TLBID:1 /DYNAMICBASE /NXCOMPAT /IMPLIB:"C:\Users\Paul Fayoux\Documents\doc\Cours\DI4\Projet Recherche de Stable\Debug\Projet-Graphes_Stable.lib" /MACHINE:X86 Debug\Cedges.obj
         Debug\Cedges_UNIT.obj
         Debug\Cexception.obj
         Debug\Cfile.obj
         Debug\Cfile_UNIT.obj
         Debug\Cgraph.obj
         Debug\Cgraph_table_UNIT.obj
         Debug\Cgraph_UNIT.obj
         Debug\Cgraph_table.obj
         Debug\Cmax_inde_sets_table.obj
         Debug\Cmax_inde_sets_table_UNIT.obj
         Debug\Cvertex.obj
         Debug\Cvertex_UNIT.obj
         Debug\main.obj
         Debug\stdafx.obj
         ProjetCpp-Graphes.vcxproj -> C:\Users\Paul Fayoux\Documents\doc\Cours\DI4\Projet Recherche de Stable\Debug\Projet-Graphes_Stable.exe
       FinalizeBuildStatus:
         Deleting file "Debug\Projet-G.3A28783C.tlog\unsuccessfulbuild".
         Touching "Debug\Projet-G.3A28783C.tlog\Projet-Graphes_Stable.lastbuildstate".
     1>Done Building Project "C:\Users\Paul Fayoux\Documents\doc\Cours\DI4\Projet Recherche de Stable\ProjetCpp-Graphes\ProjetCpp-Graphes.vcxproj" (Build target(s)).

Build succeeded.

Time Elapsed 00:00:00.55
