c:\users\paul fayoux\documents\doc\cours\di4\projet recherche de stable\projetcpp-graphes\release\vc120.pdb
c:\users\paul fayoux\documents\doc\cours\di4\projet recherche de stable\projetcpp-graphes\release\stdafx.obj
c:\users\paul fayoux\documents\doc\cours\di4\projet recherche de stable\projetcpp-graphes\release\main.obj
c:\users\paul fayoux\documents\doc\cours\di4\projet recherche de stable\projetcpp-graphes\release\cvertex_unit.obj
c:\users\paul fayoux\documents\doc\cours\di4\projet recherche de stable\projetcpp-graphes\release\cvertex.obj
c:\users\paul fayoux\documents\doc\cours\di4\projet recherche de stable\projetcpp-graphes\release\cmax_inde_sets_table_unit.obj
c:\users\paul fayoux\documents\doc\cours\di4\projet recherche de stable\projetcpp-graphes\release\cmax_inde_sets_table.obj
c:\users\paul fayoux\documents\doc\cours\di4\projet recherche de stable\projetcpp-graphes\release\cgraph_table.obj
c:\users\paul fayoux\documents\doc\cours\di4\projet recherche de stable\projetcpp-graphes\release\cgraph_unit.obj
c:\users\paul fayoux\documents\doc\cours\di4\projet recherche de stable\projetcpp-graphes\release\cgraph_table_unit.obj
c:\users\paul fayoux\documents\doc\cours\di4\projet recherche de stable\projetcpp-graphes\release\cgraph.obj
c:\users\paul fayoux\documents\doc\cours\di4\projet recherche de stable\projetcpp-graphes\release\cfile_unit.obj
c:\users\paul fayoux\documents\doc\cours\di4\projet recherche de stable\projetcpp-graphes\release\cfile.obj
c:\users\paul fayoux\documents\doc\cours\di4\projet recherche de stable\projetcpp-graphes\release\cexception.obj
c:\users\paul fayoux\documents\doc\cours\di4\projet recherche de stable\projetcpp-graphes\release\cedges_unit.obj
c:\users\paul fayoux\documents\doc\cours\di4\projet recherche de stable\projetcpp-graphes\release\cedges.obj
c:\users\paul fayoux\documents\doc\cours\di4\projet recherche de stable\release\projet-graphes_stable.exe
c:\users\paul fayoux\documents\doc\cours\di4\projet recherche de stable\release\projet-graphes_stable.pdb
c:\users\paul fayoux\documents\doc\cours\di4\projet recherche de stable\projetcpp-graphes\release\projet-g.3a28783c.tlog\cl.command.1.tlog
c:\users\paul fayoux\documents\doc\cours\di4\projet recherche de stable\projetcpp-graphes\release\projet-g.3a28783c.tlog\cl.read.1.tlog
c:\users\paul fayoux\documents\doc\cours\di4\projet recherche de stable\projetcpp-graphes\release\projet-g.3a28783c.tlog\cl.write.1.tlog
c:\users\paul fayoux\documents\doc\cours\di4\projet recherche de stable\projetcpp-graphes\release\projet-g.3a28783c.tlog\link.command.1.tlog
c:\users\paul fayoux\documents\doc\cours\di4\projet recherche de stable\projetcpp-graphes\release\projet-g.3a28783c.tlog\link.read.1.tlog
c:\users\paul fayoux\documents\doc\cours\di4\projet recherche de stable\projetcpp-graphes\release\projet-g.3a28783c.tlog\link.write.1.tlog
